<?xml version="1.0" encoding="UTF-8"?>
<!-- Generated by org.testng.reporters.JUnitXMLReporter -->
<testsuite ignored="0" hostname="LAPTOP-LAASYA" failures="0" tests="10" name="Default test" time="5.531" errors="0" timestamp="2026-08-21T16:40:54 IST">
  <testcase classname="com.example.tests.DataDrivenGetTest" name="testMultiplePostsBDD" time="2.743"/>
  <testcase classname="com.example.tests.DataDrivenGetTest" name="testMultiplePostsBDD" time="0.785"/>
  <testcase classname="com.example.tests.DataDrivenGetTest" name="testMultiplePostsBDD" time="0.802"/>
  <testcase classname="com.example.tests.DataDrivenGetTest" name="testMultiplePostsBDD" time="0.309"/>
  <testcase classname="com.example.tests.DataDrivenGetTest" name="testMultiplePostsBDD" time="0.103"/>
  <testcase classname="com.example.tests.DataDrivenGetTest" name="testMultiplePostsTraditional" time="0.068"/>
  <testcase classname="com.example.tests.DataDrivenGetTest" name="testMultiplePostsTraditional" time="0.046"/>
  <testcase classname="com.example.tests.DataDrivenGetTest" name="testMultiplePostsTraditional" time="0.054"/>
  <testcase classname="com.example.tests.DataDrivenGetTest" name="testMultiplePostsTraditional" time="0.043"/>
  <testcase classname="com.example.tests.DataDrivenGetTest" name="testMultiplePostsTraditional" time="0.057"/>
</testsuite> <!-- Default test -->
