<?xml version="1.0" encoding="UTF-8"?>
<testsuite xmlns:xsi="http://www.w3.org/2001/XMLSchema-instance" xsi:noNamespaceSchemaLocation="https://maven.apache.org/surefire/maven-surefire-plugin/xsd/surefire-test-report.xsd" version="3.0.2" name="com.JenkinsCICD.JenkinsCICDTest" time="669.081" tests="15" errors="0" skipped="0" failures="0">
  <properties>
[...]
</properties>
  <testcase name="EdgeBrowserTest" classname="com.JenkinsCICD.JenkinsCICDTest$BrowserCommands" time="42.052">
    <system-err><![CDATA[SLF4J(W): No SLF4J providers were found.
SLF4J(W): Defaulting to no-operation (NOP) logger implementation
SLF4J(W): See https://www.slf4j.org/codes.html#noProviders for further details.
Aug 12, 2026 2:05:14 PM org.openqa.selenium.devtools.CdpVersionFinder findNearestMatch
WARNING: Unable to find an exact match for CDP version 151, returning the closest version; found: 149; Please update to a Selenium version that supports CDP version 151
]]></system-err>
  </testcase>
  <testcase name="FirefoxBrowserTest" classname="com.JenkinsCICD.JenkinsCICDTest$BrowserCommands" time="19.177"/>
  <testcase name="ChromeBrowserTest" classname="com.JenkinsCICD.JenkinsCICDTest$BrowserCommands" time="22.449">
    <system-err><![CDATA[Aug 12, 2026 2:06:21 PM org.openqa.selenium.devtools.CdpVersionFinder findNearestMatch
WARNING: Unable to find an exact match for CDP version 151, returning the closest version; found: 149; Please update to a Selenium version that supports CDP version 151
]]></system-err>
  </testcase>
  <testcase name="EdgeBrowserTest2" classname="com.JenkinsCICD.JenkinsCICDTest$BrowserCommands" time="30.865">
    <system-err><![CDATA[Aug 12, 2026 2:06:36 PM org.openqa.selenium.devtools.CdpVersionFinder findNearestMatch
WARNING: Unable to find an exact match for CDP version 151, returning the closest version; found: 149; Please update to a Selenium version that supports CDP version 151
]]></system-err>
  </testcase>
  <testcase name="FirefoxBrowserTest2" classname="com.JenkinsCICD.JenkinsCICDTest$BrowserCommands" time="27.878"/>
  <testcase name="ChromeBrowserTest2" classname="com.JenkinsCICD.JenkinsCICDTest$BrowserCommands" time="45.999">
    <system-err><![CDATA[Aug 12, 2026 2:07:35 PM org.openqa.selenium.devtools.CdpVersionFinder findNearestMatch
WARNING: Unable to find an exact match for CDP version 151, returning the closest version; found: 149; Please update to a Selenium version that supports CDP version 151
]]></system-err>
  </testcase>
  <testcase name="EdgeBrowserTest3" classname="com.JenkinsCICD.JenkinsCICDTest$BrowserCommands" time="102.706">
    <system-err><![CDATA[Aug 12, 2026 2:08:21 PM org.openqa.selenium.devtools.CdpVersionFinder findNearestMatch
WARNING: Unable to find an exact match for CDP version 151, returning the closest version; found: 149; Please update to a Selenium version that supports CDP version 151
]]></system-err>
  </testcase>
  <testcase name="FirefoxBrowserTest3" classname="com.JenkinsCICD.JenkinsCICDTest$BrowserCommands" time="17.434"/>
  <testcase name="ChromeBrowserTest3" classname="com.JenkinsCICD.JenkinsCICDTest$BrowserCommands" time="17.328">
    <system-err><![CDATA[Aug 12, 2026 2:10:22 PM org.openqa.selenium.devtools.CdpVersionFinder findNearestMatch
WARNING: Unable to find an exact match for CDP version 151, returning the closest version; found: 149; Please update to a Selenium version that supports CDP version 151
]]></system-err>
  </testcase>
  <testcase name="EdgeBrowserTest4" classname="com.JenkinsCICD.JenkinsCICDTest$BrowserCommands" time="163.899">
    <system-err><![CDATA[Aug 12, 2026 2:10:38 PM org.openqa.selenium.devtools.CdpVersionFinder findNearestMatch
WARNING: Unable to find an exact match for CDP version 151, returning the closest version; found: 149; Please update to a Selenium version that supports CDP version 151
]]></system-err>
  </testcase>
  <testcase name="FirefoxBrowserTest4" classname="com.JenkinsCICD.JenkinsCICDTest$BrowserCommands" time="18.666"/>
  <testcase name="ChromeBrowserTest4" classname="com.JenkinsCICD.JenkinsCICDTest$BrowserCommands" time="69.091">
    <system-err><![CDATA[Aug 12, 2026 2:13:42 PM org.openqa.selenium.devtools.CdpVersionFinder findNearestMatch
WARNING: Unable to find an exact match for CDP version 151, returning the closest version; found: 149; Please update to a Selenium version that supports CDP version 151
]]></system-err>
  </testcase>
  <testcase name="EdgeBrowserTest5" classname="com.JenkinsCICD.JenkinsCICDTest$BrowserCommands" time="33.899">
    <system-err><![CDATA[Aug 12, 2026 2:14:50 PM org.openqa.selenium.devtools.CdpVersionFinder findNearestMatch
WARNING: Unable to find an exact match for CDP version 151, returning the closest version; found: 149; Please update to a Selenium version that supports CDP version 151
]]></system-err>
  </testcase>
  <testcase name="FirefoxBrowserTest5" classname="com.JenkinsCICD.JenkinsCICDTest$BrowserCommands" time="18.822"/>
  <testcase name="ChromeBrowserTest5" classname="com.JenkinsCICD.JenkinsCICDTest$BrowserCommands" time="37.769">
    <system-err><![CDATA[Aug 12, 2026 2:15:43 PM org.openqa.selenium.devtools.CdpVersionFinder findNearestMatch
WARNING: Unable to find an exact match for CDP version 151, returning the closest version; found: 149; Please update to a Selenium version that supports CDP version 151
]]></system-err>
  </testcase>
</testsuite>