<?xml version="1.0" encoding="UTF-8"?>
<testng-results ignored="0" total="15" passed="15" failed="0" skipped="0">
  <reporter-output>
  </reporter-output>
  <suite started-at="2026-08-12T14:05:11 IST" name="Surefire suite" finished-at="2026-08-12T14:16:19 IST" duration-ms="668173">
    <groups>
    </groups>
    <test started-at="2026-08-12T14:05:11 IST" name="Surefire test" finished-at="2026-08-12T14:16:19 IST" duration-ms="668173">
      <class name="com.JenkinsCICD.JenkinsCICDTest$BrowserCommands">
        <test-method signature="EdgeBrowserTest()[pri:0, instance:com.JenkinsCICD.JenkinsCICDTest$BrowserCommands@2e222612]" started-at="2026-08-12T14:05:11 IST" name="EdgeBrowserTest" finished-at="2026-08-12T14:05:53 IST" duration-ms="41692" status="PASS">
          <reporter-output>
          </reporter-output>
        </test-method> <!-- EdgeBrowserTest -->
        <test-method signature="FirefoxBrowserTest()[pri:1, instance:com.JenkinsCICD.JenkinsCICDTest$BrowserCommands@2e222612]" started-at="2026-08-12T14:05:53 IST" name="FirefoxBrowserTest" finished-at="2026-08-12T14:06:12 IST" duration-ms="19150" status="PASS">
          <reporter-output>
          </reporter-output>
        </test-method> <!-- FirefoxBrowserTest -->
        <test-method signature="ChromeBrowserTest()[pri:2, instance:com.JenkinsCICD.JenkinsCICDTest$BrowserCommands@2e222612]" started-at="2026-08-12T14:06:12 IST" name="ChromeBrowserTest" finished-at="2026-08-12T14:06:35 IST" duration-ms="22449" status="PASS">
          <reporter-output>
          </reporter-output>
        </test-method> <!-- ChromeBrowserTest -->
        <test-method signature="EdgeBrowserTest2()[pri:3, instance:com.JenkinsCICD.JenkinsCICDTest$BrowserCommands@2e222612]" started-at="2026-08-12T14:06:35 IST" name="EdgeBrowserTest2" finished-at="2026-08-12T14:07:06 IST" duration-ms="30850" status="PASS">
          <reporter-output>
          </reporter-output>
        </test-method> <!-- EdgeBrowserTest2 -->
        <test-method signature="FirefoxBrowserTest2()[pri:4, instance:com.JenkinsCICD.JenkinsCICDTest$BrowserCommands@2e222612]" started-at="2026-08-12T14:07:06 IST" name="FirefoxBrowserTest2" finished-at="2026-08-12T14:07:34 IST" duration-ms="27861" status="PASS">
          <reporter-output>
          </reporter-output>
        </test-method> <!-- FirefoxBrowserTest2 -->
        <test-method signature="ChromeBrowserTest2()[pri:5, instance:com.JenkinsCICD.JenkinsCICDTest$BrowserCommands@2e222612]" started-at="2026-08-12T14:07:34 IST" name="ChromeBrowserTest2" finished-at="2026-08-12T14:08:20 IST" duration-ms="45994" status="PASS">
          <reporter-output>
          </reporter-output>
        </test-method> <!-- ChromeBrowserTest2 -->
        <test-method signature="EdgeBrowserTest3()[pri:6, instance:com.JenkinsCICD.JenkinsCICDTest$BrowserCommands@2e222612]" started-at="2026-08-12T14:08:20 IST" name="EdgeBrowserTest3" finished-at="2026-08-12T14:10:02 IST" duration-ms="102707" status="PASS">
          <reporter-output>
          </reporter-output>
        </test-method> <!-- EdgeBrowserTest3 -->
        <test-method signature="FirefoxBrowserTest3()[pri:7, instance:com.JenkinsCICD.JenkinsCICDTest$BrowserCommands@2e222612]" started-at="2026-08-12T14:10:02 IST" name="FirefoxBrowserTest3" finished-at="2026-08-12T14:10:20 IST" duration-ms="17415" status="PASS">
          <reporter-output>
          </reporter-output>
        </test-method> <!-- FirefoxBrowserTest3 -->
        <test-method signature="ChromeBrowserTest3()[pri:8, instance:com.JenkinsCICD.JenkinsCICDTest$BrowserCommands@2e222612]" started-at="2026-08-12T14:10:20 IST" name="ChromeBrowserTest3" finished-at="2026-08-12T14:10:37 IST" duration-ms="17328" status="PASS">
          <reporter-output>
          </reporter-output>
        </test-method> <!-- ChromeBrowserTest3 -->
        <test-method signature="EdgeBrowserTest4()[pri:9, instance:com.JenkinsCICD.JenkinsCICDTest$BrowserCommands@2e222612]" started-at="2026-08-12T14:10:37 IST" name="EdgeBrowserTest4" finished-at="2026-08-12T14:13:21 IST" duration-ms="163899" status="PASS">
          <reporter-output>
          </reporter-output>
        </test-method> <!-- EdgeBrowserTest4 -->
        <test-method signature="FirefoxBrowserTest4()[pri:10, instance:com.JenkinsCICD.JenkinsCICDTest$BrowserCommands@2e222612]" started-at="2026-08-12T14:13:21 IST" name="FirefoxBrowserTest4" finished-at="2026-08-12T14:13:40 IST" duration-ms="18666" status="PASS">
          <reporter-output>
          </reporter-output>
        </test-method> <!-- FirefoxBrowserTest4 -->
        <test-method signature="ChromeBrowserTest4()[pri:11, instance:com.JenkinsCICD.JenkinsCICDTest$BrowserCommands@2e222612]" started-at="2026-08-12T14:13:40 IST" name="ChromeBrowserTest4" finished-at="2026-08-12T14:14:49 IST" duration-ms="69091" status="PASS">
          <reporter-output>
          </reporter-output>
        </test-method> <!-- ChromeBrowserTest4 -->
        <test-method signature="EdgeBrowserTest5()[pri:12, instance:com.JenkinsCICD.JenkinsCICDTest$BrowserCommands@2e222612]" started-at="2026-08-12T14:14:49 IST" name="EdgeBrowserTest5" finished-at="2026-08-12T14:15:23 IST" duration-ms="33898" status="PASS">
          <reporter-output>
          </reporter-output>
        </test-method> <!-- EdgeBrowserTest5 -->
        <test-method signature="FirefoxBrowserTest5()[pri:13, instance:com.JenkinsCICD.JenkinsCICDTest$BrowserCommands@2e222612]" started-at="2026-08-12T14:15:23 IST" name="FirefoxBrowserTest5" finished-at="2026-08-12T14:15:42 IST" duration-ms="18813" status="PASS">
          <reporter-output>
          </reporter-output>
        </test-method> <!-- FirefoxBrowserTest5 -->
        <test-method signature="ChromeBrowserTest5()[pri:14, instance:com.JenkinsCICD.JenkinsCICDTest$BrowserCommands@2e222612]" started-at="2026-08-12T14:15:42 IST" name="ChromeBrowserTest5" finished-at="2026-08-12T14:16:19 IST" duration-ms="37771" status="PASS">
          <reporter-output>
          </reporter-output>
        </test-method> <!-- ChromeBrowserTest5 -->
      </class> <!-- com.JenkinsCICD.JenkinsCICDTest$BrowserCommands -->
    </test> <!-- Surefire test -->
  </suite> <!-- Surefire suite -->
</testng-results>
