<?xml version="1.0" encoding="UTF-8"?>
<!-- Generated by org.testng.reporters.JUnitReportReporter -->
<testsuite hostname="Abhi" failures="0" tests="3" name="MultipleBrowserParallel.CrossBrowserTesting.ParallelTestDemo" time="17.415" errors="0" timestamp="2026-08-13T14:30:58 IST" skipped="0">
  <testcase classname="MultipleBrowserParallel.CrossBrowserTesting.ParallelTestDemo" name="BrowserTest" time="6.550"/>
  <testcase classname="MultipleBrowserParallel.CrossBrowserTesting.ParallelTestDemo" name="BrowserTest" time="5.118"/>
  <testcase classname="MultipleBrowserParallel.CrossBrowserTesting.ParallelTestDemo" name="BrowserTest" time="5.747"/>
</testsuite> <!-- MultipleBrowserParallel.CrossBrowserTesting.ParallelTestDemo -->
