<?xml version="1.0" encoding="UTF-8"?>
<!-- Generated by org.testng.reporters.JUnitReportReporter -->
<testsuite hostname="LAPTOP-0CDRP8A7" failures="0" tests="3" name="SeleniumWebDriver.BrowserCommands" time="52.120" errors="0" timestamp="2026-08-11T15:25:21 IST" skipped="0">
  <testcase classname="SeleniumWebDriver.BrowserCommands" name="EdgeBrowserTest" time="21.086"/>
  <testcase classname="SeleniumWebDriver.BrowserCommands" name="FirefoxBrowserTest" time="16.903"/>
  <testcase classname="SeleniumWebDriver.BrowserCommands" name="ChromeBrowserTest" time="14.131"/>
</testsuite> <!-- SeleniumWebDriver.BrowserCommands -->
