<?xml version="1.0" encoding="UTF-8"?>
<testng-results ignored="0" total="1" passed="1" failed="0" skipped="0">
  <reporter-output>
  </reporter-output>
  <suite started-at="2026-08-17T12:42:26 IST" name="Default suite" finished-at="2026-08-17T12:42:51 IST" duration-ms="25398">
    <groups>
    </groups>
    <test started-at="2026-08-17T12:42:26 IST" name="Default test" finished-at="2026-08-17T12:42:51 IST" duration-ms="25398">
      <class name="com.multipleframes.testdemo.MultipleFrames">
        <test-method is-config="true" signature="before()[pri:0, instance:com.multipleframes.testdemo.MultipleFrames@5119fb47]" started-at="2026-08-17T12:42:26 IST" name="before" finished-at="2026-08-17T12:42:33 IST" duration-ms="6528" status="PASS">
          <reporter-output>
          </reporter-output>
        </test-method> <!-- before -->
        <test-method signature="multiFrame()[pri:0, instance:com.multipleframes.testdemo.MultipleFrames@5119fb47]" started-at="2026-08-17T12:42:33 IST" name="multiFrame" finished-at="2026-08-17T12:42:51 IST" duration-ms="18553" status="PASS">
          <reporter-output>
          </reporter-output>
        </test-method> <!-- multiFrame -->
        <test-method is-config="true" signature="teardown()[pri:0, instance:com.multipleframes.testdemo.MultipleFrames@5119fb47]" started-at="2026-08-17T12:42:51 IST" name="teardown" finished-at="2026-08-17T12:42:51 IST" duration-ms="251" status="PASS">
          <reporter-output>
          </reporter-output>
        </test-method> <!-- teardown -->
      </class> <!-- com.multipleframes.testdemo.MultipleFrames -->
    </test> <!-- Default test -->
  </suite> <!-- Default suite -->
</testng-results>
