<?xml version="1.0" encoding="UTF-8"?>
<testng-results ignored="0" total="1" passed="1" failed="0" skipped="0">
  <reporter-output>
  </reporter-output>
  <suite started-at="2026-08-12T16:08:46 IST" name="Default suite" finished-at="2026-08-12T16:09:00 IST" duration-ms="14093">
    <groups>
    </groups>
    <test started-at="2026-08-12T16:08:46 IST" name="Default test" finished-at="2026-08-12T16:09:00 IST" duration-ms="14093">
      <class name="com.SeleniumLocators.TagDemo">
        <test-method signature="IDLocator()[pri:0, instance:com.SeleniumLocators.TagDemo@36fc695d]" started-at="2026-08-12T16:08:46 IST" name="IDLocator" finished-at="2026-08-12T16:09:00 IST" duration-ms="14048" status="PASS">
          <reporter-output>
          </reporter-output>
        </test-method> <!-- IDLocator -->
      </class> <!-- com.SeleniumLocators.TagDemo -->
    </test> <!-- Default test -->
  </suite> <!-- Default suite -->
</testng-results>
