<?xml version="1.0" encoding="UTF-8"?>
<testng-results ignored="0" total="10" passed="10" failed="0" skipped="0">
  <reporter-output>
  </reporter-output>
  <suite started-at="2026-08-21T16:40:49 IST" name="Default suite" finished-at="2026-08-21T16:40:54 IST" duration-ms="5531">
    <groups>
    </groups>
    <test started-at="2026-08-21T16:40:49 IST" name="Default test" finished-at="2026-08-21T16:40:54 IST" duration-ms="5531">
      <class name="com.example.tests.DataDrivenGetTest">
        <test-method is-config="true" signature="setup()[pri:0, instance:com.example.tests.DataDrivenGetTest@49438269]" started-at="2026-08-21T16:40:49 IST" name="setup" finished-at="2026-08-21T16:40:49 IST" duration-ms="465" status="PASS">
          <reporter-output>
          </reporter-output>
        </test-method> <!-- setup -->
        <test-method signature="testMultiplePostsBDD(int,int)[pri:0, instance:com.example.tests.DataDrivenGetTest@49438269]" started-at="2026-08-21T16:40:49 IST" name="testMultiplePostsBDD" data-provider="postIds" finished-at="2026-08-21T16:40:52 IST" duration-ms="2743" status="PASS">
          <params>
            <param index="0">
              <value>
                <![CDATA[1]]>
              </value>
            </param>
            <param index="1">
              <value>
                <![CDATA[1]]>
              </value>
            </param>
          </params>
          <reporter-output>
          </reporter-output>
        </test-method> <!-- testMultiplePostsBDD -->
        <test-method signature="testMultiplePostsBDD(int,int)[pri:0, instance:com.example.tests.DataDrivenGetTest@49438269]" started-at="2026-08-21T16:40:52 IST" name="testMultiplePostsBDD" data-provider="postIds" finished-at="2026-08-21T16:40:53 IST" duration-ms="785" status="PASS">
          <params>
            <param index="0">
              <value>
                <![CDATA[2]]>
              </value>
            </param>
            <param index="1">
              <value>
                <![CDATA[1]]>
              </value>
            </param>
          </params>
          <reporter-output>
          </reporter-output>
        </test-method> <!-- testMultiplePostsBDD -->
        <test-method signature="testMultiplePostsBDD(int,int)[pri:0, instance:com.example.tests.DataDrivenGetTest@49438269]" started-at="2026-08-21T16:40:53 IST" name="testMultiplePostsBDD" data-provider="postIds" finished-at="2026-08-21T16:40:54 IST" duration-ms="802" status="PASS">
          <params>
            <param index="0">
              <value>
                <![CDATA[3]]>
              </value>
            </param>
            <param index="1">
              <value>
                <![CDATA[1]]>
              </value>
            </param>
          </params>
          <reporter-output>
          </reporter-output>
        </test-method> <!-- testMultiplePostsBDD -->
        <test-method signature="testMultiplePostsBDD(int,int)[pri:0, instance:com.example.tests.DataDrivenGetTest@49438269]" started-at="2026-08-21T16:40:54 IST" name="testMultiplePostsBDD" data-provider="postIds" finished-at="2026-08-21T16:40:54 IST" duration-ms="309" status="PASS">
          <params>
            <param index="0">
              <value>
                <![CDATA[4]]>
              </value>
            </param>
            <param index="1">
              <value>
                <![CDATA[1]]>
              </value>
            </param>
          </params>
          <reporter-output>
          </reporter-output>
        </test-method> <!-- testMultiplePostsBDD -->
        <test-method signature="testMultiplePostsBDD(int,int)[pri:0, instance:com.example.tests.DataDrivenGetTest@49438269]" started-at="2026-08-21T16:40:54 IST" name="testMultiplePostsBDD" data-provider="postIds" finished-at="2026-08-21T16:40:54 IST" duration-ms="103" status="PASS">
          <params>
            <param index="0">
              <value>
                <![CDATA[5]]>
              </value>
            </param>
            <param index="1">
              <value>
                <![CDATA[1]]>
              </value>
            </param>
          </params>
          <reporter-output>
          </reporter-output>
        </test-method> <!-- testMultiplePostsBDD -->
        <test-method signature="testMultiplePostsTraditional(int,int)[pri:0, instance:com.example.tests.DataDrivenGetTest@49438269]" started-at="2026-08-21T16:40:54 IST" name="testMultiplePostsTraditional" data-provider="postIds" finished-at="2026-08-21T16:40:54 IST" duration-ms="68" status="PASS">
          <params>
            <param index="0">
              <value>
                <![CDATA[1]]>
              </value>
            </param>
            <param index="1">
              <value>
                <![CDATA[1]]>
              </value>
            </param>
          </params>
          <reporter-output>
          </reporter-output>
        </test-method> <!-- testMultiplePostsTraditional -->
        <test-method signature="testMultiplePostsTraditional(int,int)[pri:0, instance:com.example.tests.DataDrivenGetTest@49438269]" started-at="2026-08-21T16:40:54 IST" name="testMultiplePostsTraditional" data-provider="postIds" finished-at="2026-08-21T16:40:54 IST" duration-ms="46" status="PASS">
          <params>
            <param index="0">
              <value>
                <![CDATA[2]]>
              </value>
            </param>
            <param index="1">
              <value>
                <![CDATA[1]]>
              </value>
            </param>
          </params>
          <reporter-output>
          </reporter-output>
        </test-method> <!-- testMultiplePostsTraditional -->
        <test-method signature="testMultiplePostsTraditional(int,int)[pri:0, instance:com.example.tests.DataDrivenGetTest@49438269]" started-at="2026-08-21T16:40:54 IST" name="testMultiplePostsTraditional" data-provider="postIds" finished-at="2026-08-21T16:40:54 IST" duration-ms="54" status="PASS">
          <params>
            <param index="0">
              <value>
                <![CDATA[3]]>
              </value>
            </param>
            <param index="1">
              <value>
                <![CDATA[1]]>
              </value>
            </param>
          </params>
          <reporter-output>
          </reporter-output>
        </test-method> <!-- testMultiplePostsTraditional -->
        <test-method signature="testMultiplePostsTraditional(int,int)[pri:0, instance:com.example.tests.DataDrivenGetTest@49438269]" started-at="2026-08-21T16:40:54 IST" name="testMultiplePostsTraditional" data-provider="postIds" finished-at="2026-08-21T16:40:54 IST" duration-ms="43" status="PASS">
          <params>
            <param index="0">
              <value>
                <![CDATA[4]]>
              </value>
            </param>
            <param index="1">
              <value>
                <![CDATA[1]]>
              </value>
            </param>
          </params>
          <reporter-output>
          </reporter-output>
        </test-method> <!-- testMultiplePostsTraditional -->
        <test-method signature="testMultiplePostsTraditional(int,int)[pri:0, instance:com.example.tests.DataDrivenGetTest@49438269]" started-at="2026-08-21T16:40:54 IST" name="testMultiplePostsTraditional" data-provider="postIds" finished-at="2026-08-21T16:40:54 IST" duration-ms="57" status="PASS">
          <params>
            <param index="0">
              <value>
                <![CDATA[5]]>
              </value>
            </param>
            <param index="1">
              <value>
                <![CDATA[1]]>
              </value>
            </param>
          </params>
          <reporter-output>
          </reporter-output>
        </test-method> <!-- testMultiplePostsTraditional -->
      </class> <!-- com.example.tests.DataDrivenGetTest -->
    </test> <!-- Default test -->
  </suite> <!-- Default suite -->
</testng-results>
