<?xml version="1.0" encoding="UTF-8"?>
<!-- Generated by org.testng.reporters.JUnitXMLReporter -->
<testsuite ignored="0" hostname="LAPTOP-LAASYA" failures="0" tests="15" name="Surefire test" time="668.173" errors="0" timestamp="2026-08-12T14:16:19 IST">
  <testcase classname="com.JenkinsCICD.JenkinsCICDTest$BrowserCommands" name="EdgeBrowserTest" time="41.692"/>
  <testcase classname="com.JenkinsCICD.JenkinsCICDTest$BrowserCommands" name="FirefoxBrowserTest" time="19.15"/>
  <testcase classname="com.JenkinsCICD.JenkinsCICDTest$BrowserCommands" name="ChromeBrowserTest" time="22.449"/>
  <testcase classname="com.JenkinsCICD.JenkinsCICDTest$BrowserCommands" name="EdgeBrowserTest2" time="30.85"/>
  <testcase classname="com.JenkinsCICD.JenkinsCICDTest$BrowserCommands" name="FirefoxBrowserTest2" time="27.861"/>
  <testcase classname="com.JenkinsCICD.JenkinsCICDTest$BrowserCommands" name="ChromeBrowserTest2" time="45.994"/>
  <testcase classname="com.JenkinsCICD.JenkinsCICDTest$BrowserCommands" name="EdgeBrowserTest3" time="102.707"/>
  <testcase classname="com.JenkinsCICD.JenkinsCICDTest$BrowserCommands" name="FirefoxBrowserTest3" time="17.415"/>
  <testcase classname="com.JenkinsCICD.JenkinsCICDTest$BrowserCommands" name="ChromeBrowserTest3" time="17.328"/>
  <testcase classname="com.JenkinsCICD.JenkinsCICDTest$BrowserCommands" name="EdgeBrowserTest4" time="163.899"/>
  <testcase classname="com.JenkinsCICD.JenkinsCICDTest$BrowserCommands" name="FirefoxBrowserTest4" time="18.666"/>
  <testcase classname="com.JenkinsCICD.JenkinsCICDTest$BrowserCommands" name="ChromeBrowserTest4" time="69.091"/>
  <testcase classname="com.JenkinsCICD.JenkinsCICDTest$BrowserCommands" name="EdgeBrowserTest5" time="33.898"/>
  <testcase classname="com.JenkinsCICD.JenkinsCICDTest$BrowserCommands" name="FirefoxBrowserTest5" time="18.813"/>
  <testcase classname="com.JenkinsCICD.JenkinsCICDTest$BrowserCommands" name="ChromeBrowserTest5" time="37.771"/>
</testsuite> <!-- Surefire test -->
