<?xml version="1.0" encoding="UTF-8"?>
<testng-results ignored="0" total="1" passed="1" failed="0" skipped="0">
  <reporter-output>
  </reporter-output>
  <suite started-at="2026-08-13T12:47:03 IST" name="Default suite" finished-at="2026-08-13T12:47:10 IST" duration-ms="7669">
    <groups>
    </groups>
    <test started-at="2026-08-13T12:47:03 IST" name="Default test" finished-at="2026-08-13T12:47:10 IST" duration-ms="7669">
      <class name="com.Screenshots.TestDemo.ScreenshotTestDemo">
        <test-method signature="Browser()[pri:0, instance:com.Screenshots.TestDemo.ScreenshotTestDemo@48ae9b55]" started-at="2026-08-13T12:47:03 IST" name="Browser" finished-at="2026-08-13T12:47:10 IST" duration-ms="7638" status="PASS">
          <reporter-output>
          </reporter-output>
        </test-method> <!-- Browser -->
      </class> <!-- com.Screenshots.TestDemo.ScreenshotTestDemo -->
    </test> <!-- Default test -->
  </suite> <!-- Default suite -->
</testng-results>
