<?xml version="1.0" encoding="UTF-8"?>
<testng-results ignored="0" total="3" passed="3" failed="0" skipped="0">
  <reporter-output>
  </reporter-output>
  <suite started-at="2026-08-13T14:30:43 IST" name="Suite" finished-at="2026-08-13T14:30:58 IST" duration-ms="14356">
    <groups>
    </groups>
    <test started-at="2026-08-13T14:30:43 IST" name="EdgeTest" finished-at="2026-08-13T14:30:54 IST" duration-ms="11088">
      <class name="MultipleBrowserParallel.CrossBrowserTesting.ParallelTestDemo">
        <test-method is-config="true" signature="setUp(java.lang.String)[pri:0, instance:MultipleBrowserParallel.CrossBrowserTesting.ParallelTestDemo@303cf2ba]" started-at="2026-08-13T14:30:43 IST" name="setUp" finished-at="2026-08-13T14:30:45 IST" duration-ms="1970" status="PASS">
          <params>
            <param index="0">
              <value>
                <![CDATA[edge]]>
              </value>
            </param>
          </params>
          <reporter-output>
          </reporter-output>
        </test-method> <!-- setUp -->
        <test-method signature="BrowserTest()[pri:0, instance:MultipleBrowserParallel.CrossBrowserTesting.ParallelTestDemo@303cf2ba]" started-at="2026-08-13T14:30:45 IST" name="BrowserTest" finished-at="2026-08-13T14:30:51 IST" duration-ms="5747" status="PASS">
          <reporter-output>
          </reporter-output>
        </test-method> <!-- BrowserTest -->
        <test-method is-config="true" signature="tearDown()[pri:0, instance:MultipleBrowserParallel.CrossBrowserTesting.ParallelTestDemo@303cf2ba]" started-at="2026-08-13T14:30:51 IST" name="tearDown" finished-at="2026-08-13T14:30:54 IST" duration-ms="2891" status="PASS">
          <reporter-output>
          </reporter-output>
        </test-method> <!-- tearDown -->
      </class> <!-- MultipleBrowserParallel.CrossBrowserTesting.ParallelTestDemo -->
    </test> <!-- EdgeTest -->
    <test started-at="2026-08-13T14:30:43 IST" name="ChromeTest" finished-at="2026-08-13T14:30:55 IST" duration-ms="11289">
      <class name="MultipleBrowserParallel.CrossBrowserTesting.ParallelTestDemo">
        <test-method is-config="true" signature="setUp(java.lang.String)[pri:0, instance:MultipleBrowserParallel.CrossBrowserTesting.ParallelTestDemo@4c60d6e9]" started-at="2026-08-13T14:30:43 IST" name="setUp" finished-at="2026-08-13T14:30:45 IST" duration-ms="1971" status="PASS">
          <params>
            <param index="0">
              <value>
                <![CDATA[chrome]]>
              </value>
            </param>
          </params>
          <reporter-output>
          </reporter-output>
        </test-method> <!-- setUp -->
        <test-method signature="BrowserTest()[pri:0, instance:MultipleBrowserParallel.CrossBrowserTesting.ParallelTestDemo@4c60d6e9]" started-at="2026-08-13T14:30:45 IST" name="BrowserTest" finished-at="2026-08-13T14:30:52 IST" duration-ms="6550" status="PASS">
          <reporter-output>
          </reporter-output>
        </test-method> <!-- BrowserTest -->
        <test-method is-config="true" signature="tearDown()[pri:0, instance:MultipleBrowserParallel.CrossBrowserTesting.ParallelTestDemo@4c60d6e9]" started-at="2026-08-13T14:30:52 IST" name="tearDown" finished-at="2026-08-13T14:30:55 IST" duration-ms="2694" status="PASS">
          <reporter-output>
          </reporter-output>
        </test-method> <!-- tearDown -->
      </class> <!-- MultipleBrowserParallel.CrossBrowserTesting.ParallelTestDemo -->
    </test> <!-- ChromeTest -->
    <test started-at="2026-08-13T14:30:43 IST" name="FirefoxTest" finished-at="2026-08-13T14:30:58 IST" duration-ms="14356">
      <class name="MultipleBrowserParallel.CrossBrowserTesting.ParallelTestDemo">
        <test-method is-config="true" signature="setUp(java.lang.String)[pri:0, instance:MultipleBrowserParallel.CrossBrowserTesting.ParallelTestDemo@4a003cbe]" started-at="2026-08-13T14:30:43 IST" name="setUp" finished-at="2026-08-13T14:30:51 IST" duration-ms="8057" status="PASS">
          <params>
            <param index="0">
              <value>
                <![CDATA[firefox]]>
              </value>
            </param>
          </params>
          <reporter-output>
          </reporter-output>
        </test-method> <!-- setUp -->
        <test-method signature="BrowserTest()[pri:0, instance:MultipleBrowserParallel.CrossBrowserTesting.ParallelTestDemo@4a003cbe]" started-at="2026-08-13T14:30:51 IST" name="BrowserTest" finished-at="2026-08-13T14:30:56 IST" duration-ms="5118" status="PASS">
          <reporter-output>
          </reporter-output>
        </test-method> <!-- BrowserTest -->
        <test-method is-config="true" signature="tearDown()[pri:0, instance:MultipleBrowserParallel.CrossBrowserTesting.ParallelTestDemo@4a003cbe]" started-at="2026-08-13T14:30:56 IST" name="tearDown" finished-at="2026-08-13T14:30:58 IST" duration-ms="1119" status="PASS">
          <reporter-output>
          </reporter-output>
        </test-method> <!-- tearDown -->
      </class> <!-- MultipleBrowserParallel.CrossBrowserTesting.ParallelTestDemo -->
    </test> <!-- FirefoxTest -->
  </suite> <!-- Suite -->
</testng-results>
