<?xml version="1.0" encoding="UTF-8"?>
<testng-results ignored="0" total="1" passed="1" failed="0" skipped="0">
  <reporter-output>
  </reporter-output>
  <suite started-at="2026-08-22T14:28:36 IST" name="Default suite" finished-at="2026-08-22T14:28:37 IST" duration-ms="430">
    <groups>
    </groups>
    <test started-at="2026-08-22T14:28:36 IST" name="Default test" finished-at="2026-08-22T14:28:37 IST" duration-ms="430">
      <class name="com.JDBC.Connection.DatabaseTest">
        <test-method signature="testDatabaseConnection()[pri:0, instance:com.JDBC.Connection.DatabaseTest@72d1ad2e]" started-at="2026-08-22T14:28:36 IST" name="testDatabaseConnection" finished-at="2026-08-22T14:28:37 IST" duration-ms="393" status="PASS">
          <reporter-output>
          </reporter-output>
        </test-method> <!-- testDatabaseConnection -->
      </class> <!-- com.JDBC.Connection.DatabaseTest -->
    </test> <!-- Default test -->
  </suite> <!-- Default suite -->
</testng-results>
