<?xml version="1.0" encoding="UTF-8"?>
<testng-results ignored="0" total="3" passed="3" failed="0" skipped="0">
  <reporter-output>
  </reporter-output>
  <suite started-at="2026-08-11T15:24:28 IST" name="Default suite" finished-at="2026-08-11T15:25:21 IST" duration-ms="52157">
    <groups>
    </groups>
    <test started-at="2026-08-11T15:24:28 IST" name="Default test" finished-at="2026-08-11T15:25:21 IST" duration-ms="52157">
      <class name="SeleniumWebDriver.BrowserCommands">
        <test-method signature="EdgeBrowserTest()[pri:0, instance:SeleniumWebDriver.BrowserCommands@6580cfdd]" started-at="2026-08-11T15:24:28 IST" name="EdgeBrowserTest" finished-at="2026-08-11T15:24:49 IST" duration-ms="21086" status="PASS">
          <reporter-output>
          </reporter-output>
        </test-method> <!-- EdgeBrowserTest -->
        <test-method signature="FirefoxBrowserTest()[pri:1, instance:SeleniumWebDriver.BrowserCommands@6580cfdd]" started-at="2026-08-11T15:24:50 IST" name="FirefoxBrowserTest" finished-at="2026-08-11T15:25:06 IST" duration-ms="16903" status="PASS">
          <reporter-output>
          </reporter-output>
        </test-method> <!-- FirefoxBrowserTest -->
        <test-method signature="ChromeBrowserTest()[pri:2, instance:SeleniumWebDriver.BrowserCommands@6580cfdd]" started-at="2026-08-11T15:25:06 IST" name="ChromeBrowserTest" finished-at="2026-08-11T15:25:21 IST" duration-ms="14131" status="PASS">
          <reporter-output>
          </reporter-output>
        </test-method> <!-- ChromeBrowserTest -->
      </class> <!-- SeleniumWebDriver.BrowserCommands -->
    </test> <!-- Default test -->
  </suite> <!-- Default suite -->
</testng-results>
