<?xml version="1.0" encoding="UTF-8"?>
<testng-results ignored="0" total="1" passed="1" failed="0" skipped="0">
  <reporter-output>
  </reporter-output>
  <suite started-at="2026-08-17T12:32:40 IST" name="Default suite" finished-at="2026-08-17T12:33:26 IST" duration-ms="46074">
    <groups>
    </groups>
    <test started-at="2026-08-17T12:32:40 IST" name="Default test" finished-at="2026-08-17T12:33:26 IST" duration-ms="46074">
      <class name="com.SeleniumWebDriver.Alerts.JavaScriptAlerts">
        <test-method signature="TestPopups()[pri:0, instance:com.SeleniumWebDriver.Alerts.JavaScriptAlerts@6aeb35e6]" started-at="2026-08-17T12:32:40 IST" name="TestPopups" finished-at="2026-08-17T12:33:26 IST" duration-ms="46030" status="PASS">
          <reporter-output>
          </reporter-output>
        </test-method> <!-- TestPopups -->
      </class> <!-- com.SeleniumWebDriver.Alerts.JavaScriptAlerts -->
    </test> <!-- Default test -->
  </suite> <!-- Default suite -->
</testng-results>
